[DEBUG] 2025-04-02 07:40:52.430 [http-nio-8080-exec-4] UserDao - The list of users [User{firstName='Joe', lastName='Coyne', userName='jcoyne', dateOfBirth='1964-04-01'}, User{firstName='Fred', lastName='Hensen', userName='fhensen', dateOfBirth='1988-05-08'}, User{firstName='Karen', lastName='Mack', userName='kmack', dateOfBirth='1986-07-08'}, User{firstName='Sam', lastName='Pippin', userName='frodoRules', dateOfBirth='1900-09-22'}, User{firstName='Dawn', lastName='Tillman', userName='dtillman', dateOfBirth='1979-08-30'}, User{firstName='Mary', lastName='Johnson', userName='mjohnson', dateOfBirth='1900-09-22'}]
[DEBUG] 2025-04-02 07:50:56.512 [main] GenericDao - Searching for entities with description = party
[DEBUG] 2025-04-02 07:50:56.572 [main] GenericDao - The list of entities is: [Order{id=6, description='party supplies', user=User{firstName='Karen', lastName='Mack', userName='kmack', dateOfBirth='1986-07-08'}}]
[DEBUG] 2025-04-02 07:50:57.100 [main] GenericDao - Searching for order with description = party supplies
[DEBUG] 2025-04-02 07:50:58.547 [main] GenericDao - Searching for entities with lastName = k
[DEBUG] 2025-04-02 07:50:58.558 [main] GenericDao - The list of entities is: [User{firstName='Karen', lastName='Mack', userName='kmack', dateOfBirth='1986-07-08'}, User{firstName='Dianne', lastName='Klein', userName='dklein', dateOfBirth='1991-01-22'}]
[DEBUG] 2025-04-02 07:50:59.091 [main] GenericDao - Searching for entities with lastName = Mack
[DEBUG] 2025-04-02 07:50:59.098 [main] GenericDao - The list of entities is: [User{firstName='Karen', lastName='Mack', userName='kmack', dateOfBirth='1986-07-08'}]
[DEBUG] 2025-04-02 08:03:34.056 [main] GenericDao - Searching for entities with description = party
[DEBUG] 2025-04-02 08:03:34.125 [main] GenericDao - The list of entities is: [Order{id=6, description='party supplies', user=User{firstName='Karen', lastName='Mack', userName='kmack', dateOfBirth='1986-07-08'}}]
[DEBUG] 2025-04-02 08:03:34.689 [main] GenericDao - Searching for order with description = party supplies
[DEBUG] 2025-04-02 08:03:36.190 [main] GenericDao - Searching for entities with lastName = k
[DEBUG] 2025-04-02 08:03:36.199 [main] GenericDao - The list of entities is: [User{firstName='Karen', lastName='Mack', userName='kmack', dateOfBirth='1986-07-08'}, User{firstName='Dianne', lastName='Klein', userName='dklein', dateOfBirth='1991-01-22'}]
[DEBUG] 2025-04-02 08:03:36.741 [main] GenericDao - Searching for entities with lastName = Mack
[DEBUG] 2025-04-02 08:03:36.750 [main] GenericDao - The list of entities is: [User{firstName='Karen', lastName='Mack', userName='kmack', dateOfBirth='1986-07-08'}]
[DEBUG] 2025-04-02 08:04:27.813 [http-nio-8080-exec-4] UserDao - The list of users [User{firstName='Joe', lastName='Coyne', userName='jcoyne', dateOfBirth='1964-04-01'}, User{firstName='Fred', lastName='Hensen', userName='fhensen', dateOfBirth='1988-05-08'}, User{firstName='Karen', lastName='Mack', userName='kmack', dateOfBirth='1986-07-08'}, User{firstName='Sam', lastName='Pippin', userName='frodoRules', dateOfBirth='1900-09-22'}, User{firstName='Dawn', lastName='Tillman', userName='dtillman', dateOfBirth='1979-08-30'}, User{firstName='Mary', lastName='Johnson', userName='mjohnson', dateOfBirth='1900-09-22'}]
[DEBUG] 2025-04-02 08:06:07.190 [http-nio-8080-exec-9] UserDao - The list of users [User{firstName='Joe', lastName='Coyne', userName='jcoyne', dateOfBirth='1964-04-01'}, User{firstName='Fred', lastName='Hensen', userName='fhensen', dateOfBirth='1988-05-08'}, User{firstName='Karen', lastName='Mack', userName='kmack', dateOfBirth='1986-07-08'}, User{firstName='Sam', lastName='Pippin', userName='frodoRules', dateOfBirth='1900-09-22'}, User{firstName='Dawn', lastName='Tillman', userName='dtillman', dateOfBirth='1979-08-30'}, User{firstName='Mary', lastName='Johnson', userName='mjohnson', dateOfBirth='1900-09-22'}, User{firstName='Bart', lastName='Simpson', userName='bartSimpson', dateOfBirth='1988-06-17'}]
[DEBUG] 2025-04-02 08:08:01.296 [http-nio-8080-exec-7] UserDao - The list of users [User{firstName='Joe', lastName='Coyne', userName='jcoyne', dateOfBirth='1964-04-01'}, User{firstName='Fred', lastName='Hensen', userName='fhensen', dateOfBirth='1988-05-08'}, User{firstName='Karen', lastName='Mack', userName='kmack', dateOfBirth='1986-07-08'}, User{firstName='Sam', lastName='Pippin', userName='frodoRules', dateOfBirth='1900-09-22'}, User{firstName='Dawn', lastName='Tillman', userName='dtillman', dateOfBirth='1979-08-30'}, User{firstName='Mary', lastName='Johnson', userName='mjohnson', dateOfBirth='1900-09-22'}, User{firstName='Bart', lastName='Simpson', userName='bartSimpson', dateOfBirth='1988-06-17'}]
[DEBUG] 2025-04-02 08:19:35.307 [main] GenericDao - Searching for entities with description = party
[DEBUG] 2025-04-02 08:19:35.436 [main] GenericDao - The list of entities is: [Order{id=6, description='party supplies', user=User{firstName='Karen', lastName='Mack', userName='kmack', dateOfBirth='1986-07-08'}}]
[DEBUG] 2025-04-02 08:19:36.077 [main] GenericDao - Searching for order with description = party supplies
[DEBUG] 2025-04-02 08:19:37.808 [main] GenericDao - Searching for entities with lastName = k
[DEBUG] 2025-04-02 08:19:37.823 [main] GenericDao - The list of entities is: [User{firstName='Karen', lastName='Mack', userName='kmack', dateOfBirth='1986-07-08'}, User{firstName='Dianne', lastName='Klein', userName='dklein', dateOfBirth='1991-01-22'}]
[DEBUG] 2025-04-02 08:19:38.406 [main] GenericDao - Searching for entities with lastName = Mack
[DEBUG] 2025-04-02 08:19:38.418 [main] GenericDao - The list of entities is: [User{firstName='Karen', lastName='Mack', userName='kmack', dateOfBirth='1986-07-08'}]
[DEBUG] 2025-04-02 08:20:38.892 [http-nio-8080-exec-8] UserDao - The list of users [User{firstName='Joe', lastName='Coyne', userName='jcoyne', dateOfBirth='1964-04-01'}, User{firstName='Fred', lastName='Hensen', userName='fhensen', dateOfBirth='1988-05-08'}, User{firstName='Karen', lastName='Mack', userName='kmack', dateOfBirth='1986-07-08'}, User{firstName='Sam', lastName='Pippin', userName='frodoRules', dateOfBirth='1900-09-22'}, User{firstName='Dawn', lastName='Tillman', userName='dtillman', dateOfBirth='1979-08-30'}, User{firstName='Mary', lastName='Johnson', userName='mjohnson', dateOfBirth='1900-09-22'}, User{firstName='Bart', lastName='Simpson', userName='bartSimpson', dateOfBirth='1988-06-17'}]
[DEBUG] 2025-04-02 08:24:49.862 [http-nio-8080-exec-8] UserDao - The list of users [User{firstName='Joe', lastName='Coyne', userName='jcoyne', dateOfBirth='1964-04-01'}, User{firstName='Fred', lastName='Hensen', userName='fhensen', dateOfBirth='1988-05-08'}, User{firstName='Karen', lastName='Mack', userName='kmack', dateOfBirth='1986-07-08'}, User{firstName='Sam', lastName='Pippin', userName='frodoRules', dateOfBirth='1900-09-22'}, User{firstName='Dawn', lastName='Tillman', userName='dtillman', dateOfBirth='1979-08-30'}, User{firstName='Susan', lastName='Thompson', userName='sueTom', dateOfBirth='1968-10-21'}, User{firstName='Bart', lastName='Simpson', userName='bartSimpson', dateOfBirth='1988-06-17'}]
[DEBUG] 2025-04-02 08:26:50.833 [main] GenericDao - Searching for entities with description = party
[DEBUG] 2025-04-02 08:26:50.901 [main] GenericDao - The list of entities is: [Order{id=6, description='party supplies', user=User{firstName='Karen', lastName='Mack', userName='kmack', dateOfBirth='1986-07-08'}}]
[DEBUG] 2025-04-02 08:26:51.461 [main] GenericDao - Searching for order with description = party supplies
[DEBUG] 2025-04-02 08:26:52.911 [main] GenericDao - Searching for entities with lastName = k
[DEBUG] 2025-04-02 08:26:52.921 [main] GenericDao - The list of entities is: [User{firstName='Karen', lastName='Mack', userName='kmack', dateOfBirth='1986-07-08'}, User{firstName='Dianne', lastName='Klein', userName='dklein', dateOfBirth='1991-01-22'}]
[DEBUG] 2025-04-02 08:26:53.441 [main] GenericDao - Searching for entities with lastName = Mack
[DEBUG] 2025-04-02 08:26:53.441 [main] GenericDao - The list of entities is: [User{firstName='Karen', lastName='Mack', userName='kmack', dateOfBirth='1986-07-08'}]
[DEBUG] 2025-04-02 08:27:40.567 [http-nio-8080-exec-3] UserDao - The list of users [User{firstName='Joe', lastName='Coyne', userName='jcoyne', dateOfBirth='1964-04-01'}, User{firstName='Fred', lastName='Hensen', userName='fhensen', dateOfBirth='1988-05-08'}, User{firstName='Karen', lastName='Mack', userName='kmack', dateOfBirth='1986-07-08'}, User{firstName='Sam', lastName='Pippin', userName='frodoRules', dateOfBirth='1900-09-22'}, User{firstName='Dawn', lastName='Tillman', userName='dtillman', dateOfBirth='1979-08-30'}, User{firstName='Susan', lastName='Thompson', userName='sueTom', dateOfBirth='1968-10-21'}, User{firstName='Bart', lastName='Simpson', userName='bartSimpson', dateOfBirth='1988-06-17'}]
[DEBUG] 2025-04-02 08:28:34.062 [http-nio-8080-exec-1] UserDao - The list of users [User{firstName='Joe', lastName='Coyne', userName='jcoyne', dateOfBirth='1964-04-01'}, User{firstName='Fred', lastName='Hensen', userName='fhensen', dateOfBirth='1988-05-08'}, User{firstName='Karen', lastName='Mack', userName='kmack', dateOfBirth='1986-07-08'}, User{firstName='Sam', lastName='Pippin', userName='frodoRules', dateOfBirth='1900-09-22'}, User{firstName='Dawn', lastName='Tillman', userName='dtillman', dateOfBirth='1979-08-30'}, User{firstName='Tony', lastName='Thompson', userName='tonTom', dateOfBirth='1968-10-17'}, User{firstName='Bart', lastName='Simpson', userName='bartSimpson', dateOfBirth='1988-06-17'}]
[DEBUG] 2025-04-02 08:28:51.754 [http-nio-8080-exec-8] UserDao - The list of users [User{firstName='Joe', lastName='Coyne', userName='jcoyne', dateOfBirth='1964-04-01'}, User{firstName='Fred', lastName='Hensen', userName='fhensen', dateOfBirth='1988-05-08'}, User{firstName='Karen', lastName='Mack', userName='kmack', dateOfBirth='1986-07-08'}, User{firstName='Sam', lastName='Pippin', userName='frodoRules', dateOfBirth='1900-09-22'}, User{firstName='Dawn', lastName='Tillman', userName='dtillman', dateOfBirth='1979-08-30'}, User{firstName='Larry', lastName='Thompson', userName='tonTom', dateOfBirth='1968-10-17'}, User{firstName='Bart', lastName='Simpson', userName='bartSimpson', dateOfBirth='1988-06-17'}]
[DEBUG] 2025-04-02 09:07:23.805 [main] GenericDao - Searching for entities with description = party
[DEBUG] 2025-04-02 09:07:23.863 [main] GenericDao - The list of entities is: [Order{id=6, description='party supplies', user=User{firstName='Karen', lastName='Mack', userName='kmack', dateOfBirth='1986-07-08'}}]
[DEBUG] 2025-04-02 09:07:24.617 [main] GenericDao - Searching for order with description = party supplies
[DEBUG] 2025-04-02 09:07:26.030 [main] GenericDao - Searching for entities with lastName = k
[DEBUG] 2025-04-02 09:07:26.042 [main] GenericDao - The list of entities is: [User{firstName='Karen', lastName='Mack', userName='kmack', dateOfBirth='1986-07-08'}, User{firstName='Dianne', lastName='Klein', userName='dklein', dateOfBirth='1991-01-22'}]
[DEBUG] 2025-04-02 09:07:26.529 [main] GenericDao - Searching for order with lastName = Mack
[DEBUG] 2025-04-02 09:08:34.120 [http-nio-8080-exec-7] UserDao - The list of users [User{firstName='Joe', lastName='Coyne', userName='jcoyne', dateOfBirth='1964-04-01'}, User{firstName='Fred', lastName='Hensen', userName='fhensen', dateOfBirth='1988-05-08'}, User{firstName='Karen', lastName='Mack', userName='kmack', dateOfBirth='1986-07-08'}, User{firstName='Sam', lastName='Pippin', userName='frodoRules', dateOfBirth='1900-09-22'}, User{firstName='Dawn', lastName='Tillman', userName='dtillman', dateOfBirth='1979-08-30'}, User{firstName='Larry', lastName='Thompson', userName='tonTom', dateOfBirth='1968-10-17'}, User{firstName='Bart', lastName='Simpson', userName='bartSimpson', dateOfBirth='1988-06-17'}]
[DEBUG] 2025-04-02 09:09:22.656 [http-nio-8080-exec-4] UserDao - The list of users [User{firstName='Joe', lastName='Coyne', userName='jcoyne', dateOfBirth='1964-04-01'}, User{firstName='Fred', lastName='Hensen', userName='fhensen', dateOfBirth='1988-05-08'}, User{firstName='Karen', lastName='Mack', userName='kmack', dateOfBirth='1986-07-08'}, User{firstName='Sam', lastName='Pippin', userName='frodoRules', dateOfBirth='1900-09-22'}, User{firstName='Dawn', lastName='Tillman', userName='dtillman', dateOfBirth='1979-08-30'}, User{firstName='Larry', lastName='Thompson', userName='tonTom', dateOfBirth='1968-10-17'}, User{firstName='Bart', lastName='Simpson', userName='bartSimpson', dateOfBirth='1988-06-17'}, User{firstName='Homer', lastName='Simpson', userName='homerSimpson', dateOfBirth='1960-07-18'}]
[DEBUG] 2025-04-02 09:12:21.057 [main] GenericDao - Searching for entities with description = party
[DEBUG] 2025-04-02 09:12:21.122 [main] GenericDao - The list of entities is: [Order{id=6, description='party supplies', user=User{firstName='Karen', lastName='Mack', userName='kmack', dateOfBirth='1986-07-08'}}]
[DEBUG] 2025-04-02 09:12:21.770 [main] GenericDao - Searching for order with description = party supplies
[DEBUG] 2025-04-02 09:12:23.214 [main] GenericDao - Searching for entities with lastName = k
[DEBUG] 2025-04-02 09:12:23.226 [main] GenericDao - The list of entities is: [User{firstName='Karen', lastName='Mack', userName='kmack', dateOfBirth='1986-07-08'}, User{firstName='Dianne', lastName='Klein', userName='dklein', dateOfBirth='1991-01-22'}]
[DEBUG] 2025-04-02 09:12:23.737 [main] GenericDao - Searching for order with lastName = Mack
[DEBUG] 2025-04-02 09:13:14.729 [http-nio-8080-exec-2] UserDao - The list of users [User{firstName='Joe', lastName='Coyne', userName='jcoyne', dateOfBirth='1964-04-01'}, User{firstName='Fred', lastName='Hensen', userName='fhensen', dateOfBirth='1988-05-08'}, User{firstName='Karen', lastName='Mack', userName='kmack', dateOfBirth='1986-07-08'}, User{firstName='Sam', lastName='Pippin', userName='frodoRules', dateOfBirth='1900-09-22'}, User{firstName='Dawn', lastName='Tillman', userName='dtillman', dateOfBirth='1979-08-30'}, User{firstName='Larry', lastName='Thompson', userName='tonTom', dateOfBirth='1968-10-17'}, User{firstName='Bart', lastName='Simpson', userName='bartSimpson', dateOfBirth='1988-06-17'}, User{firstName='Homer', lastName='Simpson', userName='homerSimpson', dateOfBirth='1960-07-18'}]
[DEBUG] 2025-04-02 09:13:27.929 [http-nio-8080-exec-10] UserDao - The list of users [User{firstName='Joe', lastName='Coyne', userName='jcoyne', dateOfBirth='1964-04-01'}, User{firstName='Fred', lastName='Hensen', userName='fhensen', dateOfBirth='1988-05-08'}, User{firstName='Karen', lastName='Mack', userName='kmack', dateOfBirth='1986-07-08'}, User{firstName='Sam', lastName='Pippin', userName='frodoRules', dateOfBirth='1900-09-22'}, User{firstName='Dawn', lastName='Tillman', userName='dtillman', dateOfBirth='1979-08-30'}, User{firstName='Larry', lastName='Thompson', userName='tonTom', dateOfBirth='1968-10-17'}, User{firstName='Bart', lastName='Simpson', userName='bartSimpson', dateOfBirth='1988-06-17'}, User{firstName='Homer', lastName='Simpson', userName='homerSimpson', dateOfBirth='1960-07-18'}, User{firstName='Marge', lastName='Simpson', userName='margeSimpson', dateOfBirth='1960-07-18'}]
[DEBUG] 2025-04-02 09:16:54.072 [main] GenericDao - Searching for entities with description = party
[DEBUG] 2025-04-02 09:16:54.136 [main] GenericDao - The list of entities is: [Order{id=6, description='party supplies', user=User{firstName='Karen', lastName='Mack', userName='kmack', dateOfBirth='1986-07-08'}}]
[DEBUG] 2025-04-02 09:16:54.707 [main] GenericDao - Searching for order with description = party supplies
[DEBUG] 2025-04-02 09:16:56.127 [main] GenericDao - Searching for entities with lastName = k
[DEBUG] 2025-04-02 09:16:56.138 [main] GenericDao - The list of entities is: [User{firstName='Karen', lastName='Mack', userName='kmack', dateOfBirth='1986-07-08'}, User{firstName='Dianne', lastName='Klein', userName='dklein', dateOfBirth='1991-01-22'}]
[DEBUG] 2025-04-02 09:16:56.637 [main] GenericDao - Searching for order with lastName = Mack
